
> web@0.1.0 build E:\JEST TECH\JEST POLICY\jest-policy-crm\apps\web
> next build

⚠ Warning: Next.js inferred your workspace root, but it may not be correct.
 We detected multiple lockfiles and selected the directory of E:\JEST TECH\JEST POLICY\jest-policy-crm\pnpm-workspace.yaml as the root directory.
 To silence this warning, set `turbopack.root` in your Next.js config, or consider removing one of the lockfiles if it's not needed.
   See https://nextjs.org/docs/app/api-reference/config/next-config-js/turbopack#root-directory for more information.
 Detected additional lockfiles: 
   * E:\JEST TECH\JEST POLICY\jest-policy-crm\apps\web\pnpm-workspace.yaml

▲ Next.js 16.2.10 (Turbopack)

  Creating an optimized production build ...
✓ Compiled successfully in 4.3s
  Running TypeScript ...
  Finished TypeScript in 4.4s ...
  Collecting page data using 15 workers ...
  Generating static pages using 15 workers (0/14) ...
  Generating static pages using 15 workers (3/14) 
  Generating static pages using 15 workers (6/14) 
  Generating static pages using 15 workers (10/14) 
✓ Generating static pages using 15 workers (14/14) in 514ms
  Finalizing page optimization ...

Route (app)
┌ ○ /
├ ○ /_not-found
├ ○ /dashboard
├ ○ /dashboard/admin
├ ○ /dashboard/endorsements
├ ○ /dashboard/proposals
├ ○ /dashboard/reports
├ ƒ /dashboard/reports/[id]
├ ○ /dashboard/reports/builder
├ ○ /dashboard/reports/history
├ ○ /dashboard/reports/kpi
├ ○ /login
└ ○ /unauthorized


○  (Static)   prerendered as static content
ƒ  (Dynamic)  server-rendered on demand

